<?xml version="1.0" encoding="UTF-8"?>
<!-- Generated by org.testng.reporters.JUnitReportReporter -->
<testsuite skipped="0" hostname="DESKTOP-04KOK15" name="test.Sample.ZestAssignment" tests="1" failures="0" timestamp="19 Aug 2020 10:46:51 GMT" time="4.853" errors="0">
  <testcase name="main" time="4.853" classname="test.Sample.ZestAssignment"/>
</testsuite> <!-- test.Sample.ZestAssignment -->
