<?xml version="1.0" encoding="UTF-8"?>
<!-- Generated by org.testng.reporters.JUnitReportReporter -->
<testsuite skipped="0" hostname="DESKTOP-04KOK15" name="test.Sample.AppTest" tests="1" failures="0" timestamp="19 Aug 2020 04:49:53 GMT" time="5.101" errors="0">
  <testcase name="compareFile1andFile2" time="5.101" classname="test.Sample.AppTest"/>
</testsuite> <!-- test.Sample.AppTest -->
